<?xml version="1.0" encoding="UTF-8"?>
<!-- Generated by org.testng.reporters.JUnitReportReporter -->
<testsuite hostname="LAPTOP-MK5BCJM0" failures="0" tests="4" name="api.test.UserTests2" time="2.177" errors="0" timestamp="2024-12-02T17:59:18 GMT" skipped="0">
  <testcase classname="api.test.UserTests2" name="testPostUser" time="0.429"/>
  <testcase classname="api.test.UserTests2" name="testGetUserByName" time="0.420"/>
  <testcase classname="api.test.UserTests2" name="testUpdateUserByName" time="0.903"/>
  <testcase classname="api.test.UserTests2" name="testDeleteUserByName" time="0.425"/>
</testsuite> <!-- api.test.UserTests2 -->
