<?xml version="1.0" encoding="UTF-8"?>
<!-- Generated by org.testng.reporters.JUnitReportReporter -->
<testsuite hostname="LAPTOP-MK5BCJM0" failures="0" tests="3" name="api.test.StoreTests" time="4.196" errors="0" timestamp="2024-12-09T17:23:05 GMT" skipped="0">
  <testcase classname="api.test.StoreTests" name="testPostOrder" time="2.827"/>
  <testcase classname="api.test.StoreTests" name="testGetPetById" time="0.942"/>
  <testcase classname="api.test.StoreTests" name="testDeleteOrderById" time="0.427"/>
</testsuite> <!-- api.test.StoreTests -->
