<?xml version="1.0" encoding="UTF-8"?>
<!-- Generated by org.testng.reporters.JUnitReportReporter -->
<testsuite hostname="LAPTOP-MK5BCJM0" failures="0" tests="4" name="api.test.UserTests" time="4.421" errors="0" timestamp="2024-12-02T17:59:18 GMT" skipped="0">
  <testcase classname="api.test.UserTests" name="testPostUser" time="1.890"/>
  <testcase classname="api.test.UserTests" name="testGetUserByName" time="1.215"/>
  <testcase classname="api.test.UserTests" name="testUpdateUserByName" time="0.876"/>
  <testcase classname="api.test.UserTests" name="testDeleteUserByName" time="0.440"/>
</testsuite> <!-- api.test.UserTests -->
