<?xml version="1.0" encoding="UTF-8"?>
<!-- Generated by org.testng.reporters.JUnitReportReporter -->
<testsuite hostname="LAPTOP-MK5BCJM0" failures="0" tests="6" name="api.test.DDTests" time="5.429" errors="0" timestamp="2024-11-29T17:37:30 GMT" skipped="0">
  <testcase classname="api.test.DDTests" name="testPostUser" time="0.444"/>
  <testcase classname="api.test.DDTests" name="testPostUser" time="0.429"/>
  <testcase classname="api.test.DDTests" name="testPostUser" time="3.252"/>
  <testcase classname="api.test.DDTests" name="testDeleteUserByName" time="0.419"/>
  <testcase classname="api.test.DDTests" name="testDeleteUserByName" time="0.456"/>
  <testcase classname="api.test.DDTests" name="testDeleteUserByName" time="0.429"/>
</testsuite> <!-- api.test.DDTests -->
