<?xml version="1.0" encoding="UTF-8"?>
<!-- Generated by org.testng.reporters.JUnitReportReporter -->
<testsuite hostname="LAPTOP-MK5BCJM0" failures="0" tests="3" name="api.test.PetTests" time="4.916" errors="0" timestamp="2024-12-04T15:30:07 GMT" skipped="0">
  <testcase classname="api.test.PetTests" name="testPostPet" time="2.798"/>
  <testcase classname="api.test.PetTests" name="testGetPetById" time="1.269"/>
  <testcase classname="api.test.PetTests" name="testUpadePet" time="0.849"/>
</testsuite> <!-- api.test.PetTests -->
