<?xml version="1.0" encoding="UTF-8"?>
<!-- Generated by org.testng.reporters.JUnitReportReporter -->
<testsuite hostname="LAPTOP-MK5BCJM0" failures="0" tests="8" name="api.test.DDTStoreTests" time="5.164" errors="0" timestamp="2024-12-10T13:34:51 GMT" skipped="0">
  <testcase classname="api.test.DDTStoreTests" name="testPostOrder" time="0.431"/>
  <testcase classname="api.test.DDTStoreTests" name="testPostOrder" time="0.428"/>
  <testcase classname="api.test.DDTStoreTests" name="testPostOrder" time="2.175"/>
  <testcase classname="api.test.DDTStoreTests" name="testPostOrder" time="0.435"/>
  <testcase classname="api.test.DDTStoreTests" name="testDeleteByUsingId" time="0.446"/>
  <testcase classname="api.test.DDTStoreTests" name="testDeleteByUsingId" time="0.417"/>
  <testcase classname="api.test.DDTStoreTests" name="testDeleteByUsingId" time="0.421"/>
  <testcase classname="api.test.DDTStoreTests" name="testDeleteByUsingId" time="0.411"/>
</testsuite> <!-- api.test.DDTStoreTests -->
