<?xml version="1.0" encoding="UTF-8"?>
<!-- Generated by org.testng.reporters.JUnitReportReporter -->
<testsuite hostname="LAPTOP-MK5BCJM0" failures="0" tests="6" name="api.test.DDTPetTests" time="10.513" errors="0" timestamp="2025-02-19T15:14:48 GMT" skipped="0">
  <testcase classname="api.test.DDTPetTests" name="testCreatePet" time="7.782"/>
  <testcase classname="api.test.DDTPetTests" name="testCreatePet" time="0.562"/>
  <testcase classname="api.test.DDTPetTests" name="testCreatePet" time="0.532"/>
  <testcase classname="api.test.DDTPetTests" name="deletePet" time="0.636"/>
  <testcase classname="api.test.DDTPetTests" name="deletePet" time="0.503"/>
  <testcase classname="api.test.DDTPetTests" name="deletePet" time="0.498"/>
</testsuite> <!-- api.test.DDTPetTests -->
