<?xml version="1.0" encoding="UTF-8"?>
<!-- Generated by org.testng.reporters.JUnitReportReporter -->
<testsuite hostname="LAPTOP-MK5BCJM0" failures="0" tests="3" name="api.test.StoreTests2" time="3.500" errors="0" timestamp="2024-12-10T14:22:43 GMT" skipped="0">
  <testcase classname="api.test.StoreTests2" name="testPostOrder" time="2.105"/>
  <testcase classname="api.test.StoreTests2" name="testGetPetById" time="0.971"/>
  <testcase classname="api.test.StoreTests2" name="testDeleteOrderById" time="0.424"/>
</testsuite> <!-- api.test.StoreTests2 -->
