<?xml version="1.0" encoding="UTF-8"?>
<!-- Generated by org.testng.reporters.JUnitReportReporter -->
<testsuite hostname="LAPTOP-MK5BCJM0" failures="0" tests="4" name="api.test.PetTests2" time="13.161" errors="0" timestamp="2025-02-18T23:49:56 GMT" skipped="0">
  <testcase classname="api.test.PetTests2" name="testPostPet" time="6.738"/>
  <testcase classname="api.test.PetTests2" name="testGetPetById" time="4.796"/>
  <testcase classname="api.test.PetTests2" name="testUpdatePet" time="1.129"/>
  <testcase classname="api.test.PetTests2" name="testDeletePet" time="0.498"/>
</testsuite> <!-- api.test.PetTests2 -->
