<?xml version="1.0" encoding="UTF-8"?>
<!-- Generated by org.testng.reporters.JUnitReportReporter -->
<testsuite hostname="LAPTOP-MK5BCJM0" failures="0" tests="4" name="api.test.UserTests" time="4.876" errors="0" timestamp="2024-12-02T18:04:58 GMT" skipped="0">
  <testcase classname="api.test.UserTests" name="testPostUser" time="2.370"/>
  <testcase classname="api.test.UserTests" name="testGetUserByName" time="1.196"/>
  <testcase classname="api.test.UserTests" name="testUpdateUserByName" time="0.885"/>
  <testcase classname="api.test.UserTests" name="testDeleteUserByName" time="0.425"/>
</testsuite> <!-- api.test.UserTests -->
