<?xml version="1.0" encoding="UTF-8"?>
<!-- Generated by org.testng.reporters.JUnitReportReporter -->
<testsuite hostname="LAPTOP-MK5BCJM0" failures="0" tests="6" name="api.test.DDPetTests" time="10.605" errors="0" timestamp="2025-02-19T15:19:56 GMT" skipped="0">
  <testcase classname="api.test.DDPetTests" name="testCreatePet" time="7.907"/>
  <testcase classname="api.test.DDPetTests" name="testCreatePet" time="0.529"/>
  <testcase classname="api.test.DDPetTests" name="testCreatePet" time="0.537"/>
  <testcase classname="api.test.DDPetTests" name="deletePet" time="0.523"/>
  <testcase classname="api.test.DDPetTests" name="deletePet" time="0.511"/>
  <testcase classname="api.test.DDPetTests" name="deletePet" time="0.598"/>
</testsuite> <!-- api.test.DDPetTests -->
