<?xml version="1.0" encoding="UTF-8"?>
<!-- Generated by org.testng.reporters.JUnitReportReporter -->
<testsuite hostname="LAPTOP-MK5BCJM0" failures="0" tests="4" name="api.test.UserTests2" time="2.161" errors="0" timestamp="2024-12-02T18:04:58 GMT" skipped="0">
  <testcase classname="api.test.UserTests2" name="testPostUser" time="0.444"/>
  <testcase classname="api.test.UserTests2" name="testGetUserByName" time="0.430"/>
  <testcase classname="api.test.UserTests2" name="testUpdateUserByName" time="0.852"/>
  <testcase classname="api.test.UserTests2" name="testDeleteUserByName" time="0.435"/>
</testsuite> <!-- api.test.UserTests2 -->
