<?xml version="1.0" encoding="UTF-8"?>
<!-- Generated by org.testng.reporters.JUnitReportReporter -->
<testsuite hostname="LAPTOP-MK5BCJM0" failures="0" tests="4" name="api.test.PetTests" time="4.494" errors="0" timestamp="2024-12-04T16:55:04 GMT" skipped="0">
  <testcase classname="api.test.PetTests" name="testPostPet" time="2.102"/>
  <testcase classname="api.test.PetTests" name="testGetPetById" time="1.138"/>
  <testcase classname="api.test.PetTests" name="testUpdatePet" time="0.846"/>
  <testcase classname="api.test.PetTests" name="testDeletePetById" time="0.408"/>
</testsuite> <!-- api.test.PetTests -->
