<?xml version="1.0" encoding="UTF-8"?>
<!-- Generated by org.testng.reporters.JUnitReportReporter -->
<testsuite hostname="LAPTOP-MK5BCJM0" failures="0" tests="8" name="api.test.DDStoreTests" time="11.134" errors="0" timestamp="2025-02-19T15:21:25 GMT" skipped="0">
  <testcase classname="api.test.DDStoreTests" name="testPostOrder" time="0.521"/>
  <testcase classname="api.test.DDStoreTests" name="testPostOrder" time="7.454"/>
  <testcase classname="api.test.DDStoreTests" name="testPostOrder" time="0.542"/>
  <testcase classname="api.test.DDStoreTests" name="testPostOrder" time="0.487"/>
  <testcase classname="api.test.DDStoreTests" name="testDeleteByUsingId" time="0.499"/>
  <testcase classname="api.test.DDStoreTests" name="testDeleteByUsingId" time="0.492"/>
  <testcase classname="api.test.DDStoreTests" name="testDeleteByUsingId" time="0.481"/>
  <testcase classname="api.test.DDStoreTests" name="testDeleteByUsingId" time="0.658"/>
</testsuite> <!-- api.test.DDStoreTests -->
